# JRE version: OpenJDK Runtime Environment (8.0_45-b14) (build 1.8.0_45-internal-b14)
# Java VM: OpenJDK 64-Bit Server VM (25.45-b02 mixed mode linux-amd64 compressed oops)
Heap:
 PSYoungGen      total 438272K, used 17399K [0x000000076cf80000, 0x0000000788c80000, 0x00000007c0000000)
  eden space 420864K, 0% used [0x000000076cf80000,0x000000076cf80000,0x0000000786a80000)
  from space 17408K, 99% used [0x0000000786a80000,0x0000000787b7dd58,0x0000000787b80000)
  to   space 16896K, 0% used [0x0000000787b80000,0x0000000787b80000,0x0000000788c00000)
 ParOldGen       total 142336K, used 26536K [0x00000006c6e00000, 0x00000006cf900000, 0x000000076cf80000)
  object space 142336K, 18% used [0x00000006c6e00000,0x00000006c87ea0c8,0x00000006cf900000)
 Metaspace       used 46220K, capacity 46520K, committed 46976K, reserved 1089536K
  class space    used 5796K, capacity 5896K, committed 6016K, reserved 1048576K
GC Heap History (10 events):
Event: 4.113 GC heap after
Heap after GC invocations=10 (full 1):
 PSYoungGen      total 261120K, used 10840K [0x000000076cf80000, 0x0000000781780000, 0x00000007c0000000)
  eden space 246272K, 0% used [0x000000076cf80000,0x000000076cf80000,0x000000077c000000)
  from space 14848K, 73% used [0x000000077c000000,0x000000077ca96278,0x000000077ce80000)
  to   space 15360K, 0% used [0x0000000780880000,0x0000000780880000,0x0000000781780000)
 ParOldGen       total 99328K, used 12789K [0x00000006c6e00000, 0x00000006ccf00000, 0x000000076cf80000)
  object space 99328K, 12% used [0x00000006c6e00000,0x00000006c7a7d4a8,0x00000006ccf00000)
 Metaspace       used 29237K, capacity 29534K, committed 29824K, reserved 1075200K
  class space    used 3531K, capacity 3641K, committed 3712K, reserved 1048576K
}
Event: 5.757 GC heap before
{Heap before GC invocations=11 (full 1):
 PSYoungGen      total 261120K, used 257112K [0x000000076cf80000, 0x0000000781780000, 0x00000007c0000000)
  eden space 246272K, 100% used [0x000000076cf80000,0x000000077c000000,0x000000077c000000)
  from space 14848K, 73% used [0x000000077c000000,0x000000077ca96278,0x000000077ce80000)
  to   space 15360K, 0% used [0x0000000780880000,0x0000000780880000,0x0000000781780000)
 ParOldGen       total 99328K, used 12789K [0x00000006c6e00000, 0x00000006ccf00000, 0x000000076cf80000)
  object space 99328K, 12% used [0x00000006c6e00000,0x00000006c7a7d4a8,0x00000006ccf00000)
 Metaspace       used 31386K, capacity 31626K, committed 31872K, reserved 1077248K
  class space    used 3772K, capacity 3867K, committed 3968K, reserved 1048576K
Event: 5.788 GC heap after
Heap after GC invocations=11 (full 1):
 PSYoungGen      total 319488K, used 13626K [0x000000076cf80000, 0x0000000783e80000, 0x00000007c0000000)
  eden space 304128K, 0% used [0x000000076cf80000,0x000000076cf80000,0x000000077f880000)
  from space 15360K, 88% used [0x0000000780880000,0x00000007815ce880,0x0000000781780000)
  to   space 16384K, 0% used [0x000000077f880000,0x000000077f880000,0x0000000780880000)
 ParOldGen       total 99328K, used 14717K [0x00000006c6e00000, 0x00000006ccf00000, 0x000000076cf80000)
  object space 99328K, 14% used [0x00000006c6e00000,0x00000006c7c5f528,0x00000006ccf00000)
 Metaspace       used 31386K, capacity 31626K, committed 31872K, reserved 1077248K
  class space    used 3772K, capacity 3867K, committed 3968K, reserved 1048576K
}
Event: 6.233 GC heap before
{Heap before GC invocations=12 (full 1):
 PSYoungGen      total 319488K, used 144018K [0x000000076cf80000, 0x0000000783e80000, 0x00000007c0000000)
  eden space 304128K, 42% used [0x000000076cf80000,0x0000000774ed5fc0,0x000000077f880000)
  from space 15360K, 88% used [0x0000000780880000,0x00000007815ce880,0x0000000781780000)
  to   space 16384K, 0% used [0x000000077f880000,0x000000077f880000,0x0000000780880000)
 ParOldGen       total 99328K, used 14717K [0x00000006c6e00000, 0x00000006ccf00000, 0x000000076cf80000)
  object space 99328K, 14% used [0x00000006c6e00000,0x00000006c7c5f528,0x00000006ccf00000)
 Metaspace       used 34987K, capacity 35248K, committed 35456K, reserved 1081344K
  class space    used 4313K, capacity 4412K, committed 4480K, reserved 1048576K
Event: 6.246 GC heap after
Heap after GC invocations=12 (full 1):
 PSYoungGen      total 320512K, used 3576K [0x000000076cf80000, 0x0000000788c00000, 0x00000007c0000000)
  eden space 304128K, 0% used [0x000000076cf80000,0x000000076cf80000,0x000000077f880000)
  from space 16384K, 21% used [0x000000077f880000,0x000000077fbfe088,0x0000000780880000)
  to   space 16896K, 0% used [0x0000000787b80000,0x0000000787b80000,0x0000000788c00000)
 ParOldGen       total 99328K, used 20417K [0x00000006c6e00000, 0x00000006ccf00000, 0x000000076cf80000)
  object space 99328K, 20% used [0x00000006c6e00000,0x00000006c81f05b8,0x00000006ccf00000)
 Metaspace       used 34987K, capacity 35248K, committed 35456K, reserved 1081344K
  class space    used 4313K, capacity 4412K, committed 4480K, reserved 1048576K
}
Event: 6.246 GC heap before
{Heap before GC invocations=13 (full 2):
 PSYoungGen      total 320512K, used 3576K [0x000000076cf80000, 0x0000000788c00000, 0x00000007c0000000)
  eden space 304128K, 0% used [0x000000076cf80000,0x000000076cf80000,0x000000077f880000)
  from space 16384K, 21% used [0x000000077f880000,0x000000077fbfe088,0x0000000780880000)
  to   space 16896K, 0% used [0x0000000787b80000,0x0000000787b80000,0x0000000788c00000)
 ParOldGen       total 99328K, used 20417K [0x00000006c6e00000, 0x00000006ccf00000, 0x000000076cf80000)
  object space 99328K, 20% used [0x00000006c6e00000,0x00000006c81f05b8,0x00000006ccf00000)
 Metaspace       used 34987K, capacity 35248K, committed 35456K, reserved 1081344K
  class space    used 4313K, capacity 4412K, committed 4480K, reserved 1048576K
Event: 6.332 GC heap after
Heap after GC invocations=13 (full 2):
 PSYoungGen      total 320512K, used 0K [0x000000076cf80000, 0x0000000788c00000, 0x00000007c0000000)
  eden space 304128K, 0% used [0x000000076cf80000,0x000000076cf80000,0x000000077f880000)
  from space 16384K, 0% used [0x000000077f880000,0x000000077f880000,0x0000000780880000)
  to   space 16896K, 0% used [0x0000000787b80000,0x0000000787b80000,0x0000000788c00000)
 ParOldGen       total 142336K, used 20939K [0x00000006c6e00000, 0x00000006cf900000, 0x000000076cf80000)
  object space 142336K, 14% used [0x00000006c6e00000,0x00000006c8272f68,0x00000006cf900000)
 Metaspace       used 34987K, capacity 35248K, committed 35456K, reserved 1081344K
  class space    used 4313K, capacity 4412K, committed 4480K, reserved 1048576K
}
Event: 8.608 GC heap before
{Heap before GC invocations=14 (full 2):
 PSYoungGen      total 320512K, used 304128K [0x000000076cf80000, 0x0000000788c00000, 0x00000007c0000000)
  eden space 304128K, 100% used [0x000000076cf80000,0x000000077f880000,0x000000077f880000)
  from space 16384K, 0% used [0x000000077f880000,0x000000077f880000,0x0000000780880000)
  to   space 16896K, 0% used [0x0000000787b80000,0x0000000787b80000,0x0000000788c00000)
 ParOldGen       total 142336K, used 20939K [0x00000006c6e00000, 0x00000006cf900000, 0x000000076cf80000)
  object space 142336K, 14% used [0x00000006c6e00000,0x00000006c8272f68,0x00000006cf900000)
 Metaspace       used 44523K, capacity 44896K, committed 45184K, reserved 1089536K
  class space    used 5583K, capacity 5700K, committed 5760K, reserved 1048576K
Event: 8.718 GC heap after
Heap after GC invocations=14 (full 2):
 PSYoungGen      total 437760K, used 12661K [0x000000076cf80000, 0x0000000788c80000, 0x00000007c0000000)
  eden space 420864K, 0% used [0x000000076cf80000,0x000000076cf80000,0x0000000786a80000)
  from space 16896K, 74% used [0x0000000787b80000,0x00000007887dd4c0,0x0000000788c00000)
  to   space 17408K, 0% used [0x0000000786a80000,0x0000000786a80000,0x0000000787b80000)
 ParOldGen       total 142336K, used 20947K [0x00000006c6e00000, 0x00000006cf900000, 0x000000076cf80000)
  object space 142336K, 14% used [0x00000006c6e00000,0x00000006c8274f68,0x00000006cf900000)
 Metaspace       used 44523K, capacity 44896K, committed 45184K, reserved 1089536K
  class space    used 5583K, capacity 5700K, committed 5760K, reserved 1048576K
}
Event: 17.945 GC heap before
{Heap before GC invocations=15 (full 2):
 PSYoungGen      total 437760K, used 433525K [0x000000076cf80000, 0x0000000788c80000, 0x00000007c0000000)
  eden space 420864K, 100% used [0x000000076cf80000,0x0000000786a80000,0x0000000786a80000)
  from space 16896K, 74% used [0x0000000787b80000,0x00000007887dd4c0,0x0000000788c00000)
  to   space 17408K, 0% used [0x0000000786a80000,0x0000000786a80000,0x0000000787b80000)
 ParOldGen       total 142336K, used 20947K [0x00000006c6e00000, 0x00000006cf900000, 0x000000076cf80000)
  object space 142336K, 14% used [0x00000006c6e00000,0x00000006c8274f68,0x00000006cf900000)
 Metaspace       used 46220K, capacity 46520K, committed 46976K, reserved 1089536K
  class space    used 5796K, capacity 5896K, committed 6016K, reserved 1048576K

